Removed Pin From Net: NetName=NetC1_2 Pin=U2-1
Removed Pin From Net: NetName=NetD1_1 Pin=U2-2
Removed Pin From Net: NetName=NetC2_2 Pin=U2-3
Removed Pin From Net: NetName=NetC2_2 Pin=U2-4
Removed Pin From Net: NetName=NetR1_2 Pin=U2-5
Removed Pin From Net: NetName=NetC2_2 Pin=U2-6
Removed Pin From Net: NetName=NetL1_1 Pin=U2-7
Removed Pin From Net: NetName=NetC3_2 Pin=U2-8
Added Component: Designator=U2(eSOP8)
Add component. Clean all parameters for all variants
Added Pin To Net: NetName=NetC1_2 Pin=U2-1
Added Pin To Net: NetName=NetD1_1 Pin=U2-2
Added Pin To Net: NetName=NetC2_2 Pin=U2-3
Added Pin To Net: NetName=NetC2_2 Pin=U2-4
Added Pin To Net: NetName=NetR1_2 Pin=U2-5
Added Pin To Net: NetName=NetC2_2 Pin=U2-6
Added Pin To Net: NetName=NetL1_1 Pin=U2-7
Added Pin To Net: NetName=NetC3_2 Pin=U2-8
Added Pin To Net: NetName=GND Pin=U2-9
Added Room: Name=moveWiFi
